INFO 1.0
START 0 1800 31
GO 0000 0 00
RESULT 1 00
GO E2F2 2 00
RESULT 3 00
GO F4G4 1 00
RESULT 1 00
GO E0E1 3 00
RESULT 1 00
GO C0D0 2 00
RESULT 1 00
GO G4G3 1 00
RESULT 0 00
GO G3G0 3 00
RESULT 2 00
GO F1F0 3 00
RESULT 1 00
GO D1D0 3 00
RESULT 1 00
GO E4H4 2 A1
RESULT 3 A1
GO C2D2 3 A1
RESULT 1 A1
GO D2C3 3 A1
RESULT 1 A1
GO E1D2 3 A1
RESULT 0 A1
GO D2D3 0 A1
RESULT 3 A1
GO C4I4 2 A1
RESULT 3 A1
GO A0B0 3 A1
RESULT 3 A1
GO C3D2 3 A1
RESULT 3 A1
GO D0F0 3 A1
RESULT 3 A1
GO F0D0 3 A1
RESULT 3 A1
GO D0G0 3 A1
RESULT 1 A1
GO B0D0 3 A1
RESULT 2 A1
GO D2C1 3 A1
RESULT 3 A1
GO C1B0 1 A1
RESULT 3 A1
GO B2C1 3 A1
RESULT 3 A1
GO B0A0 3 A1
RESULT 1 A1
GO A0B0 3 A1
RESULT 3 A1
GO B0A0 3 A1
RESULT 3 A1
GO A0B0 3 A1
RESULT 3 A1
GO B0A0 3 A1
RESULT 3 A1
GO A2B2 3 A1
RESULT 3 A1
GO B2A2 3 A1
RESULT 3 A1
GO A2B2 3 A1
RESULT 3 A1
GO B2A2 3 A1
RESULT 3 A1
GO A0B0 3 A1
RESULT 3 A1
GO C1D1 3 A1
RESULT 3 A1
GO D1D0 3 A1
RESULT 3 A1
GO A2B2 3 A1
RESULT 1 A1
GO D0F0 3 A1
RESULT 3 A1
GO F0F3 1 A1
RESULT 3 A1
GO F3F0 3 A1
RESULT 3 A1
GO F0D0 3 A1
RESULT 3 A1
GO B2C3 3 A1
RESULT 3 A1
GO C3D4 3 A1
RESULT 3 A1
GO D4C3 3 A1
RESULT 3 A1
GO C3D4 3 A1
RESULT 3 A1
GO D4C3 3 A1
RESULT 3 A1
GO C3D4 3 A1
RESULT 1 A1

93-先手: A0A1 结果:1 
先手胜利 比赛结束
发送指令：END 1

发送指令：END 0

